2014-02-20 22:44:11.18
1
2014-02-20 22:44:11.19
1
2014-02-20 22:44:11.19
1
2014-02-20 22:44:11.19
1
2014-02-20 22:44:12.19
2
2014-02-20 22:44:12.19
1
2014-02-20 22:44:12.2
1
2014-02-20 22:44:12.2
1
2014-02-20 22:44:13.21
3
2014-02-20 22:44:13.21
1
2014-02-20 22:44:13.22
1
2014-02-20 22:44:13.22
1
2014-02-20 22:44:13.51
false
2014-02-20 22:44:17.211
true
2014-02-20 22:44:17.231
4
2014-02-20 22:44:17.231
1
2014-02-20 22:44:17.241
1
2014-02-20 22:44:17.241
1
2014-02-20 22:44:18.251
5
2014-02-20 22:44:18.251
1
2014-02-20 22:44:18.251
1
2014-02-20 22:44:18.261
1
2014-02-20 22:44:19.271
6
2014-02-20 22:44:19.271
1
2014-02-20 22:44:19.281
1
2014-02-20 22:44:19.281
1
2014-02-20 22:44:20.291
7
2014-02-20 22:44:20.291
1
2014-02-20 22:44:20.291
1
2014-02-20 22:44:20.301
1
2014-02-20 22:44:21.301
8
2014-02-20 22:44:21.301
1
2014-02-20 22:44:21.311
1
2014-02-20 22:44:21.311
1
2014-02-20 22:47:01.248
1
2014-02-20 22:47:01.258
1
2014-02-20 22:47:01.258
1
2014-02-20 22:47:01.268
1
2014-02-20 22:47:02.268
2
2014-02-20 22:47:02.268
1
2014-02-20 22:47:02.278
1
2014-02-20 22:47:02.288
1
2014-02-20 22:47:04.678
Resumed.
2014-02-20 22:47:05.288
3
2014-02-20 22:47:05.288
1
2014-02-20 22:47:05.298
1
2014-02-20 22:47:05.308
1
2014-02-20 22:47:06.308
4
2014-02-20 22:47:06.308
1
2014-02-20 22:47:06.318
1
2014-02-20 22:47:06.318
1
2014-02-20 22:47:34.691
1
2014-02-20 22:47:34.701
1
2014-02-20 22:47:34.701
1
2014-02-20 22:47:34.701
1
2014-02-20 22:47:35.701
2
2014-02-20 22:47:35.701
1
2014-02-20 22:47:35.711
1
2014-02-20 22:47:35.711
1
2014-02-20 22:47:36.011
Paused.
2014-02-20 22:47:38.161
Resumed.
2014-02-20 22:47:38.722
3
2014-02-20 22:47:38.722
1
2014-02-20 22:47:38.732
1
2014-02-20 22:47:38.732
1
2014-02-20 22:47:39.742
4
2014-02-20 22:47:39.742
1
2014-02-20 22:47:39.752
1
2014-02-20 22:47:39.752
1
2014-02-20 22:47:40.762
5
2014-02-20 22:47:40.762
1
2014-02-20 22:47:40.772
1
2014-02-20 22:47:40.772
1
2014-02-20 22:47:41.782
6
2014-02-20 22:47:41.782
1
2014-02-20 22:47:41.792
1
2014-02-20 22:47:41.792
1
2014-02-20 22:47:42.802
7
2014-02-20 22:47:42.802
1
2014-02-20 22:47:42.812
1
2014-02-20 22:47:42.812
1
